<?xml version="1.0" encoding="UTF-8"?><testsuite errors="0" failures="0" name="io.swagger.petstore.testsuite.CRUDTestPet" skipped="0" tests="4" time="6.96" timestamp="2023-01-03T23:20:02.629Z[Europe/London]"><testcase classname="io.swagger.petstore.testsuite.CRUDTestPet" name="This will create a new Pet"/><testcase classname="io.swagger.petstore.testsuite.CRUDTestPet" name="This will get a Pet by id"/><testcase classname="io.swagger.petstore.testsuite.CRUDTestPet" name="This will update a new Pet"/><testcase classname="io.swagger.petstore.testsuite.CRUDTestPet" name="This will delete a Pet"/></testsuite>