<?xml version="1.0" encoding="UTF-8"?><testsuite errors="0" failures="0" name="io.swagger.petstore.testsuite.CRUDTestUser" skipped="0" tests="4" time="3.12" timestamp="2023-01-03T23:20:11.183Z[Europe/London]"><testcase classname="io.swagger.petstore.testsuite.CRUDTestUser" name="This will create a new user"/><testcase classname="io.swagger.petstore.testsuite.CRUDTestUser" name="Verify is the user was added to the database"/><testcase classname="io.swagger.petstore.testsuite.CRUDTestUser" name="Update the user information and verify the updated information"/><testcase classname="io.swagger.petstore.testsuite.CRUDTestUser" name="Delete the user and verify if the user is deleted!"/></testsuite>